<?xml version="1.0" encoding="UTF-8"?>
<!-- Generated by org.testng.reporters.JUnitReportReporter -->
<testsuite skipped="0" hostname="NLLR4000295042" name="com.hp.qmetryHackathon.AppTest" tests="1" failures="0" timestamp="30 Aug 2018 10:34:51 GMT" time="3.336" errors="0">
  <testcase name="launchWebsite" time="3.336" classname="com.hp.qmetryHackathon.AppTest"/>
</testsuite> <!-- com.hp.qmetryHackathon.AppTest -->
